<?xml version="1.0" encoding="UTF-8"?>
<testng-results skipped="0" failed="0" ignored="0" total="2" passed="2">
  <reporter-output>
  </reporter-output>
  <suite name="TestNG" duration-ms="87435" started-at="2020-04-27T09:49:39Z" finished-at="2020-04-27T09:51:07Z">
    <groups>
    </groups>
    <test name="TestNG" duration-ms="87435" started-at="2020-04-27T09:49:39Z" finished-at="2020-04-27T09:51:07Z">
      <class name="com.facebooklogin.testCases.TC_logintest_001">
        <test-method status="PASS" signature="setup()[pri:0, instance:com.facebooklogin.testCases.TC_logintest_001@5e25a92e]" name="setup" is-config="true" duration-ms="18227" started-at="2020-04-27T09:49:39Z" finished-at="2020-04-27T09:49:57Z">
          <reporter-output>
          </reporter-output>
        </test-method> <!-- setup -->
        <test-method status="PASS" signature="loginTest()[pri:0, instance:com.facebooklogin.testCases.TC_logintest_001@5e25a92e]" name="loginTest" duration-ms="32009" started-at="2020-04-27T09:49:58Z" finished-at="2020-04-27T09:50:30Z">
          <reporter-output>
          </reporter-output>
        </test-method> <!-- loginTest -->
        <test-method status="PASS" signature="tearDown()[pri:0, instance:com.facebooklogin.testCases.TC_logintest_001@5e25a92e]" name="tearDown" is-config="true" duration-ms="645" started-at="2020-04-27T09:50:30Z" finished-at="2020-04-27T09:50:30Z">
          <reporter-output>
          </reporter-output>
        </test-method> <!-- tearDown -->
      </class> <!-- com.facebooklogin.testCases.TC_logintest_001 -->
      <class name="com.facebooklogin.testCases.TC_AddCustomerTest_003">
        <test-method status="PASS" signature="setup()[pri:0, instance:com.facebooklogin.testCases.TC_AddCustomerTest_003@4df828d7]" name="setup" is-config="true" duration-ms="12966" started-at="2020-04-27T09:50:30Z" finished-at="2020-04-27T09:50:43Z">
          <reporter-output>
          </reporter-output>
        </test-method> <!-- setup -->
        <test-method status="PASS" signature="addnewcustomer()[pri:0, instance:com.facebooklogin.testCases.TC_AddCustomerTest_003@4df828d7]" name="addnewcustomer" duration-ms="22755" started-at="2020-04-27T09:50:43Z" finished-at="2020-04-27T09:51:06Z">
          <reporter-output>
          </reporter-output>
        </test-method> <!-- addnewcustomer -->
        <test-method status="PASS" signature="tearDown()[pri:0, instance:com.facebooklogin.testCases.TC_AddCustomerTest_003@4df828d7]" name="tearDown" is-config="true" duration-ms="625" started-at="2020-04-27T09:51:06Z" finished-at="2020-04-27T09:51:07Z">
          <reporter-output>
          </reporter-output>
        </test-method> <!-- tearDown -->
      </class> <!-- com.facebooklogin.testCases.TC_AddCustomerTest_003 -->
    </test> <!-- TestNG -->
  </suite> <!-- TestNG -->
</testng-results>
