<?xml version="1.0" encoding="UTF-8"?>
<testng-results skipped="0" failed="0" ignored="0" total="1" passed="1">
  <reporter-output>
  </reporter-output>
  <suite name="Default suite" duration-ms="38929" started-at="2020-04-27T05:05:15Z" finished-at="2020-04-27T05:05:54Z">
    <groups>
    </groups>
    <test name="Default test" duration-ms="38929" started-at="2020-04-27T05:05:15Z" finished-at="2020-04-27T05:05:54Z">
      <class name="com.facebooklogin.testCases.TC_AddCustomerTest_003">
        <test-method status="PASS" signature="setup()[pri:0, instance:com.facebooklogin.testCases.TC_AddCustomerTest_003@4667ae56]" name="setup" is-config="true" duration-ms="14965" started-at="2020-04-27T05:05:15Z" finished-at="2020-04-27T05:05:30Z">
          <reporter-output>
          </reporter-output>
        </test-method> <!-- setup -->
        <test-method status="PASS" signature="addnewcustomer()[pri:0, instance:com.facebooklogin.testCases.TC_AddCustomerTest_003@4667ae56]" name="addnewcustomer" duration-ms="23172" started-at="2020-04-27T05:05:30Z" finished-at="2020-04-27T05:05:53Z">
          <reporter-output>
          </reporter-output>
        </test-method> <!-- addnewcustomer -->
        <test-method status="PASS" signature="tearDown()[pri:0, instance:com.facebooklogin.testCases.TC_AddCustomerTest_003@4667ae56]" name="tearDown" is-config="true" duration-ms="752" started-at="2020-04-27T05:05:53Z" finished-at="2020-04-27T05:05:54Z">
          <reporter-output>
          </reporter-output>
        </test-method> <!-- tearDown -->
      </class> <!-- com.facebooklogin.testCases.TC_AddCustomerTest_003 -->
    </test> <!-- Default test -->
  </suite> <!-- Default suite -->
</testng-results>
